Added Component: Designator=U1(27_DIP_7.62mm)
Added Pin To Net: NetName=NetR1_1 Pin=U1-1
Added Pin To Net: NetName=NetC4_2 Pin=U1-4
Added Pin To Net: NetName=NetC5_2 Pin=U1-5
Added Pin To Net: NetName=NetC6_2 Pin=U1-6
Added Pin To Net: NetName=VCC Pin=U1-7
Added Pin To Net: NetName=GND Pin=U1-8
Added Pin To Net: NetName=NetC3_1 Pin=U1-9
Added Pin To Net: NetName=NetC2_2 Pin=U1-10
Added Pin To Net: NetName=NetQ2_2 Pin=U1-11
Added Pin To Net: NetName=NetQ1_2 Pin=U1-12
Added Pin To Net: NetName=NetD2_2 Pin=U1-13
Added Pin To Net: NetName=NetD1_2 Pin=U1-14
Added Pin To Net: NetName=MOTION Pin=U1-15
Added Pin To Net: NetName=SS Pin=U1-16
Added Pin To Net: NetName=MOSI Pin=U1-17
Added Pin To Net: NetName=MISO Pin=U1-18
Added Pin To Net: NetName=SPICLK Pin=U1-19
Added Pin To Net: NetName=VCC Pin=U1-20
Added Pin To Net: NetName=GND Pin=U1-22
Added Member To Class: ClassName=Sheet1 Member=Component U1 ATMEGA328P-PU
